c:\users\zai\desktop\gamescriptingmastery-master\xscriptcompiler\xscriptcompiler\x64\release\vc143.pdb
c:\users\zai\desktop\gamescriptingmastery-master\xscriptcompiler\xscriptcompiler\x64\release\xsc.obj
c:\users\zai\desktop\gamescriptingmastery-master\xscriptcompiler\xscriptcompiler\x64\release\symbol_table.obj
c:\users\zai\desktop\gamescriptingmastery-master\xscriptcompiler\xscriptcompiler\x64\release\stack.obj
c:\users\zai\desktop\gamescriptingmastery-master\xscriptcompiler\xscriptcompiler\x64\release\preprocessor.obj
c:\users\zai\desktop\gamescriptingmastery-master\xscriptcompiler\xscriptcompiler\x64\release\parser.obj
c:\users\zai\desktop\gamescriptingmastery-master\xscriptcompiler\xscriptcompiler\x64\release\linked_list.obj
c:\users\zai\desktop\gamescriptingmastery-master\xscriptcompiler\xscriptcompiler\x64\release\lexer.obj
c:\users\zai\desktop\gamescriptingmastery-master\xscriptcompiler\xscriptcompiler\x64\release\i_code.obj
c:\users\zai\desktop\gamescriptingmastery-master\xscriptcompiler\xscriptcompiler\x64\release\func_table.obj
c:\users\zai\desktop\gamescriptingmastery-master\xscriptcompiler\xscriptcompiler\x64\release\error.obj
c:\users\zai\desktop\gamescriptingmastery-master\xscriptcompiler\xscriptcompiler\x64\release\code_emit.obj
c:\users\zai\desktop\gamescriptingmastery-master\xscriptsystem\x64\release\xscriptcompiler.exe
c:\users\zai\desktop\gamescriptingmastery-master\xscriptcompiler\xscriptcompiler\x64\release\xscriptcompiler.ipdb
c:\users\zai\desktop\gamescriptingmastery-master\xscriptsystem\x64\release\xscriptcompiler.pdb
c:\users\zai\desktop\gamescriptingmastery-master\xscriptcompiler\xscriptcompiler\x64\release\xscriptcompiler.iobj
c:\users\zai\desktop\gamescriptingmastery-master\xscriptcompiler\xscriptcompiler\x64\release\xscriptcompiler.tlog\cl.command.1.tlog
c:\users\zai\desktop\gamescriptingmastery-master\xscriptcompiler\xscriptcompiler\x64\release\xscriptcompiler.tlog\cl.read.1.tlog
c:\users\zai\desktop\gamescriptingmastery-master\xscriptcompiler\xscriptcompiler\x64\release\xscriptcompiler.tlog\cl.write.1.tlog
c:\users\zai\desktop\gamescriptingmastery-master\xscriptcompiler\xscriptcompiler\x64\release\xscriptcompiler.tlog\link.command.1.tlog
c:\users\zai\desktop\gamescriptingmastery-master\xscriptcompiler\xscriptcompiler\x64\release\xscriptcompiler.tlog\link.read.1.tlog
c:\users\zai\desktop\gamescriptingmastery-master\xscriptcompiler\xscriptcompiler\x64\release\xscriptcompiler.tlog\link.write.1.tlog
