c:\users\zai\desktop\gamescriptingmastery-master\xscriptcompiler\xscriptcompiler\x64\debug\vc143.pdb
c:\users\zai\desktop\gamescriptingmastery-master\xscriptcompiler\xscriptcompiler\x64\debug\vc143.idb
c:\users\zai\desktop\gamescriptingmastery-master\xscriptcompiler\xscriptcompiler\x64\debug\xsc.obj
c:\users\zai\desktop\gamescriptingmastery-master\xscriptcompiler\xscriptcompiler\x64\debug\symbol_table.obj
c:\users\zai\desktop\gamescriptingmastery-master\xscriptcompiler\xscriptcompiler\x64\debug\stack.obj
c:\users\zai\desktop\gamescriptingmastery-master\xscriptcompiler\xscriptcompiler\x64\debug\preprocessor.obj
c:\users\zai\desktop\gamescriptingmastery-master\xscriptcompiler\xscriptcompiler\x64\debug\parser.obj
c:\users\zai\desktop\gamescriptingmastery-master\xscriptcompiler\xscriptcompiler\x64\debug\linked_list.obj
c:\users\zai\desktop\gamescriptingmastery-master\xscriptcompiler\xscriptcompiler\x64\debug\lexer.obj
c:\users\zai\desktop\gamescriptingmastery-master\xscriptcompiler\xscriptcompiler\x64\debug\i_code.obj
c:\users\zai\desktop\gamescriptingmastery-master\xscriptcompiler\xscriptcompiler\x64\debug\func_table.obj
c:\users\zai\desktop\gamescriptingmastery-master\xscriptcompiler\xscriptcompiler\x64\debug\error.obj
c:\users\zai\desktop\gamescriptingmastery-master\xscriptcompiler\xscriptcompiler\x64\debug\code_emit.obj
c:\users\zai\desktop\gamescriptingmastery-master\xscriptcompiler\xscriptcompiler\x64\debug\xscriptcompiler.ilk
c:\users\zai\desktop\gamescriptingmastery-master\xscriptcompiler\x64\debug\xscriptcompiler.exe
c:\users\zai\desktop\gamescriptingmastery-master\xscriptcompiler\x64\debug\xscriptcompiler.pdb
c:\users\zai\desktop\gamescriptingmastery-master\xscriptcompiler\xscriptcompiler\x64\debug\xscriptcompiler.tlog\cl.command.1.tlog
c:\users\zai\desktop\gamescriptingmastery-master\xscriptcompiler\xscriptcompiler\x64\debug\xscriptcompiler.tlog\cl.read.1.tlog
c:\users\zai\desktop\gamescriptingmastery-master\xscriptcompiler\xscriptcompiler\x64\debug\xscriptcompiler.tlog\cl.write.1.tlog
c:\users\zai\desktop\gamescriptingmastery-master\xscriptcompiler\xscriptcompiler\x64\debug\xscriptcompiler.tlog\link.command.1.tlog
c:\users\zai\desktop\gamescriptingmastery-master\xscriptcompiler\xscriptcompiler\x64\debug\xscriptcompiler.tlog\link.read.1.tlog
c:\users\zai\desktop\gamescriptingmastery-master\xscriptcompiler\xscriptcompiler\x64\debug\xscriptcompiler.tlog\link.write.1.tlog
